Remove Pin=A1A-J1_15 From Net=VCC
Remove Pin=Bluetooth-2 From Net=VCC
Remove Pin=Bluetooth-3 From Net=GND
Remove Pin=D1-C From Net=GND
Remove Pin=FlamP1-1 From Net=VCC
Remove Pin=FlamP1-2 From Net=GND
Remove Pin=GSM-1 From Net=VCC
Remove Pin=GSM-2 From Net=GND
Remove Pin=IR1P1-1 From Net=VCC
Remove Pin=IR1P1-2 From Net=GND
Remove Pin=IR2P1-1 From Net=VCC
Remove Pin=IR2P1-2 From Net=GND
Remove Pin=J1-1 From Net=VCCH
Remove Pin=J1-2 From Net=GND
Remove Pin=Q1-1 From Net=VCCH
Remove Pin=R1-1 From Net=VCC
Remove Pin=R2-1 From Net=VCC
Remove Pin=S1-2 From Net=GND
Remove Pin=ServoP1-1 From Net=VCC
Remove Pin=ServoP2-1 From Net=GND
Remove Pin=U1-1 From Net=Reset
Remove Pin=U1-9 From Net=Crys1
Remove Pin=U1-10 From Net=Crys2
Remove Pin=U1-21 From Net=VCC
Remove Pin=UltraSonicP1-1 From Net=VCC
Remove Pin=UltraSonicP2-2 From Net=GND
Remove Pin=Y1-1 From Net=Crys2
Remove Pin=Y1-2 From Net=Crys1
